V |                      | ArgumentsFromParametersFile.OnBuildCreated (150)
V |                      | HandleReSharperSurrogateArguments.OnBuildCreated (150)
V |                      | InjectParameterValues.OnBuildCreated (100)
V |                      | HandleShellCompletion.OnBuildCreated (75)
V |                      | GenerateBuildServerConfigurations.OnBuildCreated (50)
V |                      | InvokeBuildServerConfigurationGeneration.OnBuildCreated (45)
V |                      | UpdateNotification.OnBuildCreated (10)
V |                      | UnsetVisualStudioEnvironmentVariables.OnBuildCreated (0)
V |                      | HandleVisualStudioDebugging.OnBuildCreated (0)
V |                      | EventInvoker.OnBuildCreated (-3.4028235E+38)
V |                      | HandlePlanRequests.OnBuildInitialized (10)
V |                      | HandleHelpRequests.OnBuildInitialized (5)
V |                      | Telemetry.OnBuildInitialized (0)
V |                      | Sending BuildStarted telemetry event ...
V |                      |   build_components         =
V |                      |   build_type               = Project
V |                      |   compile_time             = <null>
V |                      |   config_generators        =
V |                      |   host                     = Terminal
V |                      |   num_custom_components    = 0
V |                      |   num_custom_extensions    = 0
V |                      |   num_partitioned_targets  = 0
V |                      |   num_secrets              = 0
V |                      |   num_targets              = 3
V |                      |   os_architecture          = Arm64
V |                      |   os_platform              = OSX
V |                      |   target_framework         = .NETCoreApp,Version=v8.0
V |                      |   version_dotnet_sdk       = 9.0.305
V |                      |   version_nuke_common      = 9.0.4
V |                      |   version_nuke_global_tool = <null>
V |                      | InjectNonParameterValues.OnBuildInitialized (-100)
V |                      | EventInvoker.OnBuildInitialized (-3.4028235E+38)
V | Restore              | EventInvoker.OnTargetRunning (-3.4028235E+38)
I | Restore              | > /usr/local/share/dotnet/dotnet restore /Users/apprenticegc/Work/lunar-horse/personal-work/yokan-projects/winged-bean/development/dotnet/console/Console.sln
V | Restore              | @ /Users/apprenticegc/Work/lunar-horse/personal-work/yokan-projects/winged-bean/build/nuke
D | Restore              |   Determining projects to restore...
D | Restore              |   All projects are up-to-date for restore.
V | Restore              | Telemetry.OnTargetSucceeded (0)
V | Restore              | Sending TargetSucceeded telemetry event ...
V | Restore              |   build_components         =
V | Restore              |   build_type               = Project
V | Restore              |   compile_time             = <null>
V | Restore              |   config_generators        =
V | Restore              |   host                     = Terminal
V | Restore              |   num_custom_components    = 0
V | Restore              |   num_custom_extensions    = 0
V | Restore              |   num_partitioned_targets  = 0
V | Restore              |   num_secrets              = 0
V | Restore              |   num_targets              = 3
V | Restore              |   os_architecture          = Arm64
V | Restore              |   os_platform              = OSX
V | Restore              |   target_current_partition = 1
V | Restore              |   target_duration          = 2
V | Restore              |   target_framework         = .NETCoreApp,Version=v8.0
V | Restore              |   target_name              = Restore
V | Restore              |   target_total_partitions  = 1
V | Restore              |   version_dotnet_sdk       = 9.0.305
V | Restore              |   version_nuke_common      = 9.0.4
V | Restore              |   version_nuke_global_tool = <null>
V | Restore              | EventInvoker.OnTargetSucceeded (-3.4028235E+38)
V | Compile              | EventInvoker.OnTargetRunning (-3.4028235E+38)
I | Compile              | > /usr/local/share/dotnet/dotnet build /Users/apprenticegc/Work/lunar-horse/personal-work/yokan-projects/winged-bean/development/dotnet/console/Console.sln --configuration Debug --output /Users/apprenticegc/Work/lunar-horse/personal-work/yokan-projects/winged-bean/build/nuke/bin/Debug --no-restore
V | Compile              | @ /Users/apprenticegc/Work/lunar-horse/personal-work/yokan-projects/winged-bean/build/nuke
D | Compile              | /usr/local/share/dotnet/sdk/9.0.305/Current/SolutionFile/ImportAfter/Microsoft.NET.Sdk.Solution.targets(36,5): warning NETSDK1194: The "--output" option isn't supported when building a solution. Specifying a solution-level output path results in all projects copying outputs to the same directory, which can lead to inconsistent builds. [/Users/apprenticegc/Work/lunar-horse/personal-work/yokan-projects/winged-bean/development/dotnet/console/Console.sln]
D | Compile              |   WingedBean.Providers.AssemblyContext -> /Users/apprenticegc/Work/lunar-horse/personal-work/yokan-projects/winged-bean/build/nuke/bin/Debug/WingedBean.Providers.AssemblyContext.dll
D | Compile              |   WingedBean.Host -> /Users/apprenticegc/Work/lunar-horse/personal-work/yokan-projects/winged-bean/build/nuke/bin/Debug/WingedBean.Host.dll
D | Compile              |   WingedBean.Contracts.Core -> /Users/apprenticegc/Work/lunar-horse/personal-work/yokan-projects/winged-bean/build/nuke/bin/Debug/WingedBean.Contracts.Core.dll
D | Compile              |   WingedBean.Contracts.Pty -> /Users/apprenticegc/Work/lunar-horse/personal-work/yokan-projects/winged-bean/build/nuke/bin/Debug/WingedBean.Contracts.Pty.dll
D | Compile              |   WingedBean.Host.Console -> /Users/apprenticegc/Work/lunar-horse/personal-work/yokan-projects/winged-bean/build/nuke/bin/Debug/WingedBean.Host.Console.dll
D | Compile              |   WingedBean.Providers.AssemblyContext.Tests -> /Users/apprenticegc/Work/lunar-horse/personal-work/yokan-projects/winged-bean/build/nuke/bin/Debug/WingedBean.Providers.AssemblyContext.Tests.dll
D | Compile              |   WingedBean.SourceGenerators.Proxy -> /Users/apprenticegc/Work/lunar-horse/personal-work/yokan-projects/winged-bean/build/nuke/bin/Debug/WingedBean.SourceGenerators.Proxy.dll
D | Compile              |   WingedBean.PluginLoader -> /Users/apprenticegc/Work/lunar-horse/personal-work/yokan-projects/winged-bean/build/nuke/bin/Debug/WingedBean.PluginLoader.dll
D | Compile              |   WingedBean.Contracts.Config -> /Users/apprenticegc/Work/lunar-horse/personal-work/yokan-projects/winged-bean/build/nuke/bin/Debug/WingedBean.Contracts.Config.dll
D | Compile              |   WingedBean.Plugins.ConsoleDungeon -> /Users/apprenticegc/Work/lunar-horse/personal-work/yokan-projects/winged-bean/build/nuke/bin/Debug/WingedBean.Plugins.ConsoleDungeon.dll
D | Compile              |   WingedBean.Contracts.TerminalUI -> /Users/apprenticegc/Work/lunar-horse/personal-work/yokan-projects/winged-bean/build/nuke/bin/Debug/WingedBean.Contracts.TerminalUI.dll
D | Compile              |   WingedBean.Contracts.WebSocket -> /Users/apprenticegc/Work/lunar-horse/personal-work/yokan-projects/winged-bean/build/nuke/bin/Debug/WingedBean.Contracts.WebSocket.dll
D | Compile              |   WingedBean.Plugins.AsciinemaRecorder -> /Users/apprenticegc/Work/lunar-horse/personal-work/yokan-projects/winged-bean/build/nuke/bin/Debug/WingedBean.Plugins.AsciinemaRecorder.dll
D | Compile              |   WingedBean.Plugins.Config -> /Users/apprenticegc/Work/lunar-horse/personal-work/yokan-projects/winged-bean/build/nuke/bin/Debug/WingedBean.Plugins.Config.dll
D | Compile              |   WingedBean.Plugins.PtyService -> /Users/apprenticegc/Work/lunar-horse/personal-work/yokan-projects/winged-bean/build/nuke/bin/Debug/WingedBean.Plugins.PtyService.dll
D | Compile              |   WingedBean.Plugins.WebSocket -> /Users/apprenticegc/Work/lunar-horse/personal-work/yokan-projects/winged-bean/build/nuke/bin/Debug/WingedBean.Plugins.WebSocket.dll
D | Compile              |   WingedBean.Plugins.TerminalUI -> /Users/apprenticegc/Work/lunar-horse/personal-work/yokan-projects/winged-bean/build/nuke/bin/Debug/WingedBean.Plugins.TerminalUI.dll
D | Compile              |   WingedBean.PluginLoader.Tests -> /Users/apprenticegc/Work/lunar-horse/personal-work/yokan-projects/winged-bean/build/nuke/bin/Debug/WingedBean.PluginLoader.Tests.dll
D | Compile              |   WingedBean.Plugins.WebSocket.Tests -> /Users/apprenticegc/Work/lunar-horse/personal-work/yokan-projects/winged-bean/build/nuke/bin/Debug/WingedBean.Plugins.WebSocket.Tests.dll
D | Compile              |   ConsoleDungeon -> /Users/apprenticegc/Work/lunar-horse/personal-work/yokan-projects/winged-bean/build/nuke/bin/Debug/ConsoleDungeon.dll
D | Compile              |   WingedBean.Plugins.TerminalUI.Tests -> /Users/apprenticegc/Work/lunar-horse/personal-work/yokan-projects/winged-bean/build/nuke/bin/Debug/WingedBean.Plugins.TerminalUI.Tests.dll
D | Compile              |   WingedBean.Plugins.AsciinemaRecorder.Tests -> /Users/apprenticegc/Work/lunar-horse/personal-work/yokan-projects/winged-bean/build/nuke/bin/Debug/WingedBean.Plugins.AsciinemaRecorder.Tests.dll
D | Compile              |   WingedBean.Registry -> /Users/apprenticegc/Work/lunar-horse/personal-work/yokan-projects/winged-bean/build/nuke/bin/Debug/WingedBean.Registry.dll
D | Compile              |   WingedBean.Plugins.Config.Tests -> /Users/apprenticegc/Work/lunar-horse/personal-work/yokan-projects/winged-bean/build/nuke/bin/Debug/WingedBean.Plugins.Config.Tests.dll
D | Compile              |   ConsoleDungeon.Host -> /Users/apprenticegc/Work/lunar-horse/personal-work/yokan-projects/winged-bean/build/nuke/bin/Debug/ConsoleDungeon.Host.dll
D | Compile              |   ========================================
D | Compile              |   Copying plugin assemblies...
D | Compile              |   ========================================
D | Compile              |   Copied 167 plugin files to /Users/apprenticegc/Work/lunar-horse/personal-work/yokan-projects/winged-bean/build/nuke/bin/Debug/plugins/
D | Compile              |   ConsoleDungeon.Host.Tests -> /Users/apprenticegc/Work/lunar-horse/personal-work/yokan-projects/winged-bean/build/nuke/bin/Debug/ConsoleDungeon.Host.Tests.dll
D | Compile              |
D | Compile              | Build succeeded.
D | Compile              |
D | Compile              | /usr/local/share/dotnet/sdk/9.0.305/Current/SolutionFile/ImportAfter/Microsoft.NET.Sdk.Solution.targets(36,5): warning NETSDK1194: The "--output" option isn't supported when building a solution. Specifying a solution-level output path results in all projects copying outputs to the same directory, which can lead to inconsistent builds. [/Users/apprenticegc/Work/lunar-horse/personal-work/yokan-projects/winged-bean/development/dotnet/console/Console.sln]
D | Compile              |     1 Warning(s)
D | Compile              |     0 Error(s)
D | Compile              |
D | Compile              | Time Elapsed 00:00:01.75
V | Compile              | Telemetry.OnTargetSucceeded (0)
V | Compile              | Sending TargetSucceeded telemetry event ...
V | Compile              |   build_components         =
V | Compile              |   build_type               = Project
V | Compile              |   compile_time             = <null>
V | Compile              |   config_generators        =
V | Compile              |   host                     = Terminal
V | Compile              |   num_custom_components    = 0
V | Compile              |   num_custom_extensions    = 0
V | Compile              |   num_partitioned_targets  = 0
V | Compile              |   num_secrets              = 0
V | Compile              |   num_targets              = 3
V | Compile              |   os_architecture          = Arm64
V | Compile              |   os_platform              = OSX
V | Compile              |   target_current_partition = 1
V | Compile              |   target_duration          = 2
V | Compile              |   target_framework         = .NETCoreApp,Version=v8.0
V | Compile              |   target_name              = Compile
V | Compile              |   target_total_partitions  = 1
V | Compile              |   version_dotnet_sdk       = 9.0.305
V | Compile              |   version_nuke_common      = 9.0.4
V | Compile              |   version_nuke_global_tool = <null>
V | Compile              | EventInvoker.OnTargetSucceeded (-3.4028235E+38)
V |                      | UpdateNotification.OnBuildFinished (10)
V |                      | SerializeBuildServerState.OnBuildFinished (0)
V |                      | EventInvoker.OnBuildFinished (-3.4028235E+38)
